<?xml version="1.0" encoding="UTF-8"?>
<testng-results ignored="0" total="1" passed="1" failed="0" skipped="0">
  <reporter-output>
  </reporter-output>
  <suite started-at="2023-04-12T11:09:55 IST" name="Default suite" finished-at="2023-04-12T11:09:55 IST" duration-ms="128">
    <groups>
    </groups>
    <test started-at="2023-04-12T11:09:55 IST" name="Default test" finished-at="2023-04-12T11:09:55 IST" duration-ms="128">
      <class name="sample.Demo">
        <test-method signature="demo()[pri:0, instance:sample.Demo@56a6d5a6]" started-at="2023-04-12T11:09:55 IST" name="demo" finished-at="2023-04-12T11:09:55 IST" duration-ms="22" status="PASS">
          <reporter-output>
          </reporter-output>
        </test-method> <!-- demo -->
      </class> <!-- sample.Demo -->
    </test> <!-- Default test -->
  </suite> <!-- Default suite -->
</testng-results>
